{"/Users/elizabeth.luong/PersonalCode/jest-cypress-react-babel-webpack/src/calculator.js": {"path":"/Users/elizabeth.luong/PersonalCode/jest-cypress-react-babel-webpack/src/calculator.js","statementMap":{"0":{"start":{"line":10,"column":26},"end":{"line":13,"column":2}},"1":{"start":{"line":11,"column":16},"end":{"line":11,"column":69}},"2":{"start":{"line":11,"column":57},"end":{"line":11,"column":68}},"3":{"start":{"line":12,"column":17},"end":{"line":12,"column":68}},"4":{"start":{"line":16,"column":21},"end":{"line":19,"column":3}},"5":{"start":{"line":21,"column":48},"end":{"line":21,"column":58}},"6":{"start":{"line":23,"column":4},"end":{"line":27,"column":5}},"7":{"start":{"line":31,"column":29},"end":{"line":37,"column":1}},"8":{"start":{"line":32,"column":33},"end":{"line":32,"column":54}},"9":{"start":{"line":33,"column":33},"end":{"line":33,"column":54}},"10":{"start":{"line":34,"column":33},"end":{"line":34,"column":54}},"11":{"start":{"line":35,"column":33},"end":{"line":35,"column":54}},"12":{"start":{"line":36,"column":33},"end":{"line":36,"column":42}},"13":{"start":{"line":40,"column":10},"end":{"line":45,"column":3}},"14":{"start":{"line":48,"column":4},"end":{"line":53,"column":6}},"15":{"start":{"line":57,"column":4},"end":{"line":59,"column":6}},"16":{"start":{"line":63,"column":27},"end":{"line":63,"column":37}},"17":{"start":{"line":65,"column":4},"end":{"line":67,"column":6}},"18":{"start":{"line":71,"column":27},"end":{"line":71,"column":37}},"19":{"start":{"line":72,"column":21},"end":{"line":72,"column":50}},"20":{"start":{"line":74,"column":4},"end":{"line":76,"column":6}},"21":{"start":{"line":80,"column":27},"end":{"line":80,"column":37}},"22":{"start":{"line":81,"column":25},"end":{"line":81,"column":49}},"23":{"start":{"line":83,"column":4},"end":{"line":83,"column":34}},"24":{"start":{"line":83,"column":28},"end":{"line":83,"column":34}},"25":{"start":{"line":85,"column":24},"end":{"line":85,"column":61}},"26":{"start":{"line":86,"column":21},"end":{"line":86,"column":51}},"27":{"start":{"line":88,"column":4},"end":{"line":90,"column":6}},"28":{"start":{"line":94,"column":27},"end":{"line":94,"column":37}},"29":{"start":{"line":96,"column":4},"end":{"line":101,"column":5}},"30":{"start":{"line":97,"column":6},"end":{"line":100,"column":8}},"31":{"start":{"line":105,"column":46},"end":{"line":105,"column":56}},"32":{"start":{"line":107,"column":4},"end":{"line":117,"column":5}},"33":{"start":{"line":108,"column":6},"end":{"line":111,"column":8}},"34":{"start":{"line":113,"column":6},"end":{"line":116,"column":8}},"35":{"start":{"line":121,"column":44},"end":{"line":121,"column":54}},"36":{"start":{"line":122,"column":23},"end":{"line":122,"column":47}},"37":{"start":{"line":124,"column":4},"end":{"line":136,"column":5}},"38":{"start":{"line":125,"column":6},"end":{"line":127,"column":8}},"39":{"start":{"line":128,"column":11},"end":{"line":136,"column":5}},"40":{"start":{"line":129,"column":27},"end":{"line":129,"column":37}},"41":{"start":{"line":130,"column":23},"end":{"line":130,"column":79}},"42":{"start":{"line":132,"column":6},"end":{"line":135,"column":8}},"43":{"start":{"line":138,"column":4},"end":{"line":141,"column":6}},"44":{"start":{"line":144,"column":18},"end":{"line":173,"column":3}},"45":{"start":{"line":145,"column":16},"end":{"line":145,"column":21}},"46":{"start":{"line":147,"column":4},"end":{"line":147,"column":34}},"47":{"start":{"line":147,"column":25},"end":{"line":147,"column":34}},"48":{"start":{"line":149,"column":4},"end":{"line":172,"column":5}},"49":{"start":{"line":150,"column":6},"end":{"line":150,"column":28}},"50":{"start":{"line":151,"column":6},"end":{"line":151,"column":40}},"51":{"start":{"line":152,"column":11},"end":{"line":172,"column":5}},"52":{"start":{"line":153,"column":6},"end":{"line":153,"column":28}},"53":{"start":{"line":154,"column":6},"end":{"line":154,"column":32}},"54":{"start":{"line":155,"column":11},"end":{"line":172,"column":5}},"55":{"start":{"line":156,"column":6},"end":{"line":156,"column":28}},"56":{"start":{"line":157,"column":6},"end":{"line":157,"column":21}},"57":{"start":{"line":158,"column":11},"end":{"line":172,"column":5}},"58":{"start":{"line":159,"column":6},"end":{"line":159,"column":28}},"59":{"start":{"line":160,"column":6},"end":{"line":160,"column":25}},"60":{"start":{"line":161,"column":11},"end":{"line":172,"column":5}},"61":{"start":{"line":162,"column":6},"end":{"line":162,"column":28}},"62":{"start":{"line":163,"column":6},"end":{"line":163,"column":26}},"63":{"start":{"line":164,"column":11},"end":{"line":172,"column":5}},"64":{"start":{"line":165,"column":6},"end":{"line":165,"column":28}},"65":{"start":{"line":167,"column":6},"end":{"line":171,"column":7}},"66":{"start":{"line":168,"column":8},"end":{"line":168,"column":23}},"67":{"start":{"line":170,"column":8},"end":{"line":170,"column":27}},"68":{"start":{"line":176,"column":4},"end":{"line":176,"column":60}},"69":{"start":{"line":180,"column":4},"end":{"line":180,"column":63}},"70":{"start":{"line":184,"column":27},"end":{"line":184,"column":37}},"71":{"start":{"line":186,"column":25},"end":{"line":186,"column":45}},"72":{"start":{"line":187,"column":22},"end":{"line":187,"column":47}},"73":{"start":{"line":189,"column":4},"end":{"line":319,"column":5}},"74":{"start":{"line":198,"column":18},"end":{"line":198,"column":70}},"75":{"start":{"line":205,"column":31},"end":{"line":205,"column":48}},"76":{"start":{"line":211,"column":31},"end":{"line":211,"column":50}},"77":{"start":{"line":219,"column":31},"end":{"line":219,"column":49}},"78":{"start":{"line":225,"column":31},"end":{"line":225,"column":46}},"79":{"start":{"line":231,"column":31},"end":{"line":231,"column":49}},"80":{"start":{"line":237,"column":31},"end":{"line":237,"column":49}},"81":{"start":{"line":243,"column":31},"end":{"line":243,"column":49}},"82":{"start":{"line":249,"column":31},"end":{"line":249,"column":49}},"83":{"start":{"line":255,"column":31},"end":{"line":255,"column":49}},"84":{"start":{"line":261,"column":31},"end":{"line":261,"column":49}},"85":{"start":{"line":267,"column":31},"end":{"line":267,"column":49}},"86":{"start":{"line":273,"column":31},"end":{"line":273,"column":49}},"87":{"start":{"line":279,"column":31},"end":{"line":279,"column":49}},"88":{"start":{"line":288,"column":29},"end":{"line":288,"column":55}},"89":{"start":{"line":294,"column":29},"end":{"line":294,"column":55}},"90":{"start":{"line":300,"column":29},"end":{"line":300,"column":55}},"91":{"start":{"line":306,"column":29},"end":{"line":306,"column":55}},"92":{"start":{"line":312,"column":29},"end":{"line":312,"column":55}}},"fnMap":{"0":{"name":"(anonymous_0)","decl":{"start":{"line":11,"column":10},"end":{"line":11,"column":11}},"loc":{"start":{"line":11,"column":16},"end":{"line":11,"column":69}},"line":11},"1":{"name":"(anonymous_1)","decl":{"start":{"line":11,"column":50},"end":{"line":11,"column":51}},"loc":{"start":{"line":11,"column":57},"end":{"line":11,"column":68}},"line":11},"2":{"name":"(anonymous_2)","decl":{"start":{"line":12,"column":11},"end":{"line":12,"column":12}},"loc":{"start":{"line":12,"column":17},"end":{"line":12,"column":68}},"line":12},"3":{"name":"(anonymous_3)","decl":{"start":{"line":20,"column":2},"end":{"line":20,"column":3}},"loc":{"start":{"line":20,"column":11},"end":{"line":28,"column":3}},"line":20},"4":{"name":"(anonymous_4)","decl":{"start":{"line":32,"column":7},"end":{"line":32,"column":8}},"loc":{"start":{"line":32,"column":33},"end":{"line":32,"column":54}},"line":32},"5":{"name":"(anonymous_5)","decl":{"start":{"line":33,"column":7},"end":{"line":33,"column":8}},"loc":{"start":{"line":33,"column":33},"end":{"line":33,"column":54}},"line":33},"6":{"name":"(anonymous_6)","decl":{"start":{"line":34,"column":7},"end":{"line":34,"column":8}},"loc":{"start":{"line":34,"column":33},"end":{"line":34,"column":54}},"line":34},"7":{"name":"(anonymous_7)","decl":{"start":{"line":35,"column":7},"end":{"line":35,"column":8}},"loc":{"start":{"line":35,"column":33},"end":{"line":35,"column":54}},"line":35},"8":{"name":"(anonymous_8)","decl":{"start":{"line":36,"column":7},"end":{"line":36,"column":8}},"loc":{"start":{"line":36,"column":33},"end":{"line":36,"column":42}},"line":36},"9":{"name":"(anonymous_9)","decl":{"start":{"line":47,"column":2},"end":{"line":47,"column":3}},"loc":{"start":{"line":47,"column":13},"end":{"line":54,"column":3}},"line":47},"10":{"name":"(anonymous_10)","decl":{"start":{"line":56,"column":2},"end":{"line":56,"column":3}},"loc":{"start":{"line":56,"column":17},"end":{"line":60,"column":3}},"line":56},"11":{"name":"(anonymous_11)","decl":{"start":{"line":62,"column":2},"end":{"line":62,"column":3}},"loc":{"start":{"line":62,"column":18},"end":{"line":68,"column":3}},"line":62},"12":{"name":"(anonymous_12)","decl":{"start":{"line":70,"column":2},"end":{"line":70,"column":3}},"loc":{"start":{"line":70,"column":15},"end":{"line":77,"column":3}},"line":70},"13":{"name":"(anonymous_13)","decl":{"start":{"line":79,"column":2},"end":{"line":79,"column":3}},"loc":{"start":{"line":79,"column":17},"end":{"line":91,"column":3}},"line":79},"14":{"name":"(anonymous_14)","decl":{"start":{"line":93,"column":2},"end":{"line":93,"column":3}},"loc":{"start":{"line":93,"column":13},"end":{"line":102,"column":3}},"line":93},"15":{"name":"(anonymous_15)","decl":{"start":{"line":104,"column":2},"end":{"line":104,"column":3}},"loc":{"start":{"line":104,"column":20},"end":{"line":118,"column":3}},"line":104},"16":{"name":"(anonymous_16)","decl":{"start":{"line":120,"column":2},"end":{"line":120,"column":3}},"loc":{"start":{"line":120,"column":33},"end":{"line":142,"column":3}},"line":120},"17":{"name":"(anonymous_17)","decl":{"start":{"line":144,"column":18},"end":{"line":144,"column":19}},"loc":{"start":{"line":144,"column":27},"end":{"line":173,"column":3}},"line":144},"18":{"name":"(anonymous_18)","decl":{"start":{"line":175,"column":2},"end":{"line":175,"column":3}},"loc":{"start":{"line":175,"column":22},"end":{"line":177,"column":3}},"line":175},"19":{"name":"(anonymous_19)","decl":{"start":{"line":179,"column":2},"end":{"line":179,"column":3}},"loc":{"start":{"line":179,"column":25},"end":{"line":181,"column":3}},"line":179},"20":{"name":"(anonymous_20)","decl":{"start":{"line":183,"column":2},"end":{"line":183,"column":3}},"loc":{"start":{"line":183,"column":11},"end":{"line":320,"column":3}},"line":183},"21":{"name":"(anonymous_21)","decl":{"start":{"line":197,"column":25},"end":{"line":197,"column":26}},"loc":{"start":{"line":198,"column":18},"end":{"line":198,"column":70}},"line":198},"22":{"name":"(anonymous_22)","decl":{"start":{"line":205,"column":25},"end":{"line":205,"column":26}},"loc":{"start":{"line":205,"column":31},"end":{"line":205,"column":48}},"line":205},"23":{"name":"(anonymous_23)","decl":{"start":{"line":211,"column":25},"end":{"line":211,"column":26}},"loc":{"start":{"line":211,"column":31},"end":{"line":211,"column":50}},"line":211},"24":{"name":"(anonymous_24)","decl":{"start":{"line":219,"column":25},"end":{"line":219,"column":26}},"loc":{"start":{"line":219,"column":31},"end":{"line":219,"column":49}},"line":219},"25":{"name":"(anonymous_25)","decl":{"start":{"line":225,"column":25},"end":{"line":225,"column":26}},"loc":{"start":{"line":225,"column":31},"end":{"line":225,"column":46}},"line":225},"26":{"name":"(anonymous_26)","decl":{"start":{"line":231,"column":25},"end":{"line":231,"column":26}},"loc":{"start":{"line":231,"column":31},"end":{"line":231,"column":49}},"line":231},"27":{"name":"(anonymous_27)","decl":{"start":{"line":237,"column":25},"end":{"line":237,"column":26}},"loc":{"start":{"line":237,"column":31},"end":{"line":237,"column":49}},"line":237},"28":{"name":"(anonymous_28)","decl":{"start":{"line":243,"column":25},"end":{"line":243,"column":26}},"loc":{"start":{"line":243,"column":31},"end":{"line":243,"column":49}},"line":243},"29":{"name":"(anonymous_29)","decl":{"start":{"line":249,"column":25},"end":{"line":249,"column":26}},"loc":{"start":{"line":249,"column":31},"end":{"line":249,"column":49}},"line":249},"30":{"name":"(anonymous_30)","decl":{"start":{"line":255,"column":25},"end":{"line":255,"column":26}},"loc":{"start":{"line":255,"column":31},"end":{"line":255,"column":49}},"line":255},"31":{"name":"(anonymous_31)","decl":{"start":{"line":261,"column":25},"end":{"line":261,"column":26}},"loc":{"start":{"line":261,"column":31},"end":{"line":261,"column":49}},"line":261},"32":{"name":"(anonymous_32)","decl":{"start":{"line":267,"column":25},"end":{"line":267,"column":26}},"loc":{"start":{"line":267,"column":31},"end":{"line":267,"column":49}},"line":267},"33":{"name":"(anonymous_33)","decl":{"start":{"line":273,"column":25},"end":{"line":273,"column":26}},"loc":{"start":{"line":273,"column":31},"end":{"line":273,"column":49}},"line":273},"34":{"name":"(anonymous_34)","decl":{"start":{"line":279,"column":25},"end":{"line":279,"column":26}},"loc":{"start":{"line":279,"column":31},"end":{"line":279,"column":49}},"line":279},"35":{"name":"(anonymous_35)","decl":{"start":{"line":288,"column":23},"end":{"line":288,"column":24}},"loc":{"start":{"line":288,"column":29},"end":{"line":288,"column":55}},"line":288},"36":{"name":"(anonymous_36)","decl":{"start":{"line":294,"column":23},"end":{"line":294,"column":24}},"loc":{"start":{"line":294,"column":29},"end":{"line":294,"column":55}},"line":294},"37":{"name":"(anonymous_37)","decl":{"start":{"line":300,"column":23},"end":{"line":300,"column":24}},"loc":{"start":{"line":300,"column":29},"end":{"line":300,"column":55}},"line":300},"38":{"name":"(anonymous_38)","decl":{"start":{"line":306,"column":23},"end":{"line":306,"column":24}},"loc":{"start":{"line":306,"column":29},"end":{"line":306,"column":55}},"line":306},"39":{"name":"(anonymous_39)","decl":{"start":{"line":312,"column":23},"end":{"line":312,"column":24}},"loc":{"start":{"line":312,"column":29},"end":{"line":312,"column":55}},"line":312}},"branchMap":{"0":{"loc":{"start":{"line":21,"column":20},"end":{"line":21,"column":34}},"type":"default-arg","locations":[{"start":{"line":21,"column":32},"end":{"line":21,"column":34}}],"line":21},"1":{"loc":{"start":{"line":66,"column":20},"end":{"line":66,"column":77}},"type":"binary-expr","locations":[{"start":{"line":66,"column":20},"end":{"line":66,"column":70}},{"start":{"line":66,"column":74},"end":{"line":66,"column":77}}],"line":66},"2":{"loc":{"start":{"line":83,"column":4},"end":{"line":83,"column":34}},"type":"if","locations":[{"start":{"line":83,"column":4},"end":{"line":83,"column":34}},{"start":{"line":83,"column":4},"end":{"line":83,"column":34}}],"line":83},"3":{"loc":{"start":{"line":96,"column":4},"end":{"line":101,"column":5}},"type":"if","locations":[{"start":{"line":96,"column":4},"end":{"line":101,"column":5}},{"start":{"line":96,"column":4},"end":{"line":101,"column":5}}],"line":96},"4":{"loc":{"start":{"line":107,"column":4},"end":{"line":117,"column":5}},"type":"if","locations":[{"start":{"line":107,"column":4},"end":{"line":117,"column":5}},{"start":{"line":107,"column":4},"end":{"line":117,"column":5}}],"line":107},"5":{"loc":{"start":{"line":115,"column":10},"end":{"line":115,"column":69}},"type":"cond-expr","locations":[{"start":{"line":115,"column":33},"end":{"line":115,"column":46}},{"start":{"line":115,"column":49},"end":{"line":115,"column":69}}],"line":115},"6":{"loc":{"start":{"line":124,"column":4},"end":{"line":136,"column":5}},"type":"if","locations":[{"start":{"line":124,"column":4},"end":{"line":136,"column":5}},{"start":{"line":124,"column":4},"end":{"line":136,"column":5}}],"line":124},"7":{"loc":{"start":{"line":128,"column":11},"end":{"line":136,"column":5}},"type":"if","locations":[{"start":{"line":128,"column":11},"end":{"line":136,"column":5}},{"start":{"line":128,"column":11},"end":{"line":136,"column":5}}],"line":128},"8":{"loc":{"start":{"line":129,"column":27},"end":{"line":129,"column":37}},"type":"binary-expr","locations":[{"start":{"line":129,"column":27},"end":{"line":129,"column":32}},{"start":{"line":129,"column":36},"end":{"line":129,"column":37}}],"line":129},"9":{"loc":{"start":{"line":147,"column":4},"end":{"line":147,"column":34}},"type":"if","locations":[{"start":{"line":147,"column":4},"end":{"line":147,"column":34}},{"start":{"line":147,"column":4},"end":{"line":147,"column":34}}],"line":147},"10":{"loc":{"start":{"line":149,"column":4},"end":{"line":172,"column":5}},"type":"if","locations":[{"start":{"line":149,"column":4},"end":{"line":172,"column":5}},{"start":{"line":149,"column":4},"end":{"line":172,"column":5}}],"line":149},"11":{"loc":{"start":{"line":152,"column":11},"end":{"line":172,"column":5}},"type":"if","locations":[{"start":{"line":152,"column":11},"end":{"line":172,"column":5}},{"start":{"line":152,"column":11},"end":{"line":172,"column":5}}],"line":152},"12":{"loc":{"start":{"line":155,"column":11},"end":{"line":172,"column":5}},"type":"if","locations":[{"start":{"line":155,"column":11},"end":{"line":172,"column":5}},{"start":{"line":155,"column":11},"end":{"line":172,"column":5}}],"line":155},"13":{"loc":{"start":{"line":158,"column":11},"end":{"line":172,"column":5}},"type":"if","locations":[{"start":{"line":158,"column":11},"end":{"line":172,"column":5}},{"start":{"line":158,"column":11},"end":{"line":172,"column":5}}],"line":158},"14":{"loc":{"start":{"line":161,"column":11},"end":{"line":172,"column":5}},"type":"if","locations":[{"start":{"line":161,"column":11},"end":{"line":172,"column":5}},{"start":{"line":161,"column":11},"end":{"line":172,"column":5}}],"line":161},"15":{"loc":{"start":{"line":164,"column":11},"end":{"line":172,"column":5}},"type":"if","locations":[{"start":{"line":164,"column":11},"end":{"line":172,"column":5}},{"start":{"line":164,"column":11},"end":{"line":172,"column":5}}],"line":164},"16":{"loc":{"start":{"line":167,"column":6},"end":{"line":171,"column":7}},"type":"if","locations":[{"start":{"line":167,"column":6},"end":{"line":171,"column":7}},{"start":{"line":167,"column":6},"end":{"line":171,"column":7}}],"line":167},"17":{"loc":{"start":{"line":187,"column":22},"end":{"line":187,"column":47}},"type":"cond-expr","locations":[{"start":{"line":187,"column":37},"end":{"line":187,"column":40}},{"start":{"line":187,"column":43},"end":{"line":187,"column":47}}],"line":187},"18":{"loc":{"start":{"line":198,"column":18},"end":{"line":198,"column":70}},"type":"cond-expr","locations":[{"start":{"line":198,"column":33},"end":{"line":198,"column":52}},{"start":{"line":198,"column":55},"end":{"line":198,"column":70}}],"line":198}},"s":{"0":1,"1":1,"2":0,"3":3,"4":1,"5":57,"6":57,"7":1,"8":0,"9":0,"10":0,"11":0,"12":0,"13":1,"14":0,"15":1,"16":0,"17":0,"18":0,"19":0,"20":0,"21":0,"22":0,"23":0,"24":0,"25":0,"26":0,"27":0,"28":0,"29":0,"30":0,"31":1,"32":1,"33":0,"34":1,"35":0,"36":0,"37":0,"38":0,"39":0,"40":0,"41":0,"42":0,"43":0,"44":1,"45":0,"46":0,"47":0,"48":0,"49":0,"50":0,"51":0,"52":0,"53":0,"54":0,"55":0,"56":0,"57":0,"58":0,"59":0,"60":0,"61":0,"62":0,"63":0,"64":0,"65":0,"66":0,"67":0,"68":1,"69":1,"70":3,"71":3,"72":3,"73":3,"74":1,"75":0,"76":0,"77":0,"78":0,"79":0,"80":0,"81":1,"82":0,"83":0,"84":0,"85":0,"86":0,"87":0,"88":0,"89":0,"90":0,"91":0,"92":0},"f":{"0":1,"1":0,"2":3,"3":57,"4":0,"5":0,"6":0,"7":0,"8":0,"9":0,"10":1,"11":0,"12":0,"13":0,"14":0,"15":1,"16":0,"17":0,"18":1,"19":1,"20":3,"21":1,"22":0,"23":0,"24":0,"25":0,"26":0,"27":0,"28":1,"29":0,"30":0,"31":0,"32":0,"33":0,"34":0,"35":0,"36":0,"37":0,"38":0,"39":0},"b":{"0":[0],"1":[0,0],"2":[0,0],"3":[0,0],"4":[0,1],"5":[1,0],"6":[0,0],"7":[0,0],"8":[0,0],"9":[0,0],"10":[0,0],"11":[0,0],"12":[0,0],"13":[0,0],"14":[0,0],"15":[0,0],"16":[0,0],"17":[1,2],"18":[1,0]},"_coverageSchema":"1a1c01bbd47fc00a2c39e90264f33305004495a9","hash":"3e87aa9eb0ee505ebefcfb2ab639e3b5ee1a88db"}
,"/Users/elizabeth.luong/PersonalCode/jest-cypress-react-babel-webpack/src/other/super-heros.js": {"path":"/Users/elizabeth.luong/PersonalCode/jest-cypress-react-babel-webpack/src/other/super-heros.js","statementMap":{"0":{"start":{"line":1,"column":19},"end":{"line":6,"column":1}},"1":{"start":{"line":8,"column":2},"end":{"line":10,"column":4}},"2":{"start":{"line":9,"column":4},"end":{"line":9,"column":38}}},"fnMap":{"0":{"name":"getFlyingSuperHeros","decl":{"start":{"line":7,"column":9},"end":{"line":7,"column":28}},"loc":{"start":{"line":7,"column":31},"end":{"line":11,"column":1}},"line":7},"1":{"name":"(anonymous_1)","decl":{"start":{"line":8,"column":27},"end":{"line":8,"column":28}},"loc":{"start":{"line":8,"column":35},"end":{"line":10,"column":3}},"line":8}},"branchMap":{},"s":{"0":1,"1":1,"2":4},"f":{"0":1,"1":4},"b":{},"_coverageSchema":"1a1c01bbd47fc00a2c39e90264f33305004495a9","hash":"c69acae324294e75a6d3b4e9a55f6a69c931c1ad"}
,"/Users/elizabeth.luong/PersonalCode/jest-cypress-react-babel-webpack/src/shared/auto-scaling-text.js": {"path":"/Users/elizabeth.luong/PersonalCode/jest-cypress-react-babel-webpack/src/shared/auto-scaling-text.js","statementMap":{"0":{"start":{"line":6,"column":21},"end":{"line":8,"column":3}},"1":{"start":{"line":9,"column":9},"end":{"line":9,"column":26}},"2":{"start":{"line":11,"column":17},"end":{"line":11,"column":34}},"3":{"start":{"line":12,"column":4},"end":{"line":14,"column":5}},"4":{"start":{"line":13,"column":6},"end":{"line":13,"column":14}},"5":{"start":{"line":15,"column":23},"end":{"line":15,"column":38}},"6":{"start":{"line":17,"column":27},"end":{"line":17,"column":49}},"7":{"start":{"line":18,"column":24},"end":{"line":18,"column":40}},"8":{"start":{"line":19,"column":24},"end":{"line":19,"column":52}},"9":{"start":{"line":21,"column":4},"end":{"line":23,"column":5}},"10":{"start":{"line":22,"column":6},"end":{"line":22,"column":30}},"11":{"start":{"line":24,"column":4},"end":{"line":24,"column":12}},"12":{"start":{"line":28,"column":18},"end":{"line":28,"column":33}},"13":{"start":{"line":30,"column":4},"end":{"line":38,"column":5}}},"fnMap":{"0":{"name":"(anonymous_0)","decl":{"start":{"line":10,"column":2},"end":{"line":10,"column":3}},"loc":{"start":{"line":10,"column":13},"end":{"line":25,"column":3}},"line":10},"1":{"name":"(anonymous_1)","decl":{"start":{"line":27,"column":2},"end":{"line":27,"column":3}},"loc":{"start":{"line":27,"column":11},"end":{"line":39,"column":3}},"line":27}},"branchMap":{"0":{"loc":{"start":{"line":12,"column":4},"end":{"line":14,"column":5}},"type":"if","locations":[{"start":{"line":12,"column":4},"end":{"line":14,"column":5}},{"start":{"line":12,"column":4},"end":{"line":14,"column":5}}],"line":12},"1":{"loc":{"start":{"line":21,"column":4},"end":{"line":23,"column":5}},"type":"if","locations":[{"start":{"line":21,"column":4},"end":{"line":23,"column":5}},{"start":{"line":21,"column":4},"end":{"line":23,"column":5}}],"line":21}},"s":{"0":2,"1":2,"2":2,"3":2,"4":2,"5":0,"6":0,"7":0,"8":0,"9":0,"10":0,"11":0,"12":2,"13":2},"f":{"0":2,"1":2},"b":{"0":[2,0],"1":[0,0]},"_coverageSchema":"1a1c01bbd47fc00a2c39e90264f33305004495a9","hash":"c87c2b245a85c7380be77ed10a4f85cccd2e9fec"}
,"/Users/elizabeth.luong/PersonalCode/jest-cypress-react-babel-webpack/src/shared/calculator-display.js": {"path":"/Users/elizabeth.luong/PersonalCode/jest-cypress-react-babel-webpack/src/shared/calculator-display.js","statementMap":{"0":{"start":{"line":7,"column":21},"end":{"line":9,"column":3}},"1":{"start":{"line":11,"column":30},"end":{"line":11,"column":40}},"2":{"start":{"line":12,"column":27},"end":{"line":15,"column":5}},"3":{"start":{"line":17,"column":4},"end":{"line":30,"column":5}}},"fnMap":{"0":{"name":"(anonymous_0)","decl":{"start":{"line":10,"column":2},"end":{"line":10,"column":3}},"loc":{"start":{"line":10,"column":11},"end":{"line":31,"column":3}},"line":10}},"branchMap":{"0":{"loc":{"start":{"line":14,"column":6},"end":{"line":14,"column":73}},"type":"cond-expr","locations":[{"start":{"line":14,"column":38},"end":{"line":14,"column":45}},{"start":{"line":14,"column":48},"end":{"line":14,"column":73}}],"line":14}},"s":{"0":1,"1":1,"2":1,"3":1},"f":{"0":1},"b":{"0":[0,1]},"_coverageSchema":"1a1c01bbd47fc00a2c39e90264f33305004495a9","hash":"173a347a15d307cddd2fde339af5f2c15b959cbe"}
,"/Users/elizabeth.luong/PersonalCode/jest-cypress-react-babel-webpack/src/shared/utils.js": {"path":"/Users/elizabeth.luong/PersonalCode/jest-cypress-react-babel-webpack/src/shared/utils.js","statementMap":{"0":{"start":{"line":2,"column":23},"end":{"line":5,"column":4}},"1":{"start":{"line":8,"column":16},"end":{"line":8,"column":42}},"2":{"start":{"line":10,"column":2},"end":{"line":12,"column":3}},"3":{"start":{"line":11,"column":4},"end":{"line":11,"column":66}},"4":{"start":{"line":13,"column":2},"end":{"line":13,"column":23}}},"fnMap":{"0":{"name":"getFormattedValue","decl":{"start":{"line":1,"column":9},"end":{"line":1,"column":26}},"loc":{"start":{"line":1,"column":54},"end":{"line":14,"column":1}},"line":1}},"branchMap":{"0":{"loc":{"start":{"line":1,"column":34},"end":{"line":1,"column":52}},"type":"default-arg","locations":[{"start":{"line":1,"column":45},"end":{"line":1,"column":52}}],"line":1},"1":{"loc":{"start":{"line":10,"column":2},"end":{"line":12,"column":3}},"type":"if","locations":[{"start":{"line":10,"column":2},"end":{"line":12,"column":3}},{"start":{"line":10,"column":2},"end":{"line":12,"column":3}}],"line":10},"2":{"loc":{"start":{"line":11,"column":22},"end":{"line":11,"column":66}},"type":"cond-expr","locations":[{"start":{"line":11,"column":47},"end":{"line":11,"column":55}},{"start":{"line":11,"column":58},"end":{"line":11,"column":66}}],"line":11}},"s":{"0":2,"1":2,"2":2,"3":1,"4":2},"f":{"0":2},"b":{"0":[1],"1":[1,1],"2":[0,1]},"_coverageSchema":"1a1c01bbd47fc00a2c39e90264f33305004495a9","hash":"fae92145cee1d2e5b47aeb2d78dc4e69d0596d35"}
}
