TN:
SF:src/calculator.js
FN:11,(anonymous_0)
FN:11,(anonymous_1)
FN:12,(anonymous_2)
FN:20,(anonymous_3)
FN:32,(anonymous_4)
FN:33,(anonymous_5)
FN:34,(anonymous_6)
FN:35,(anonymous_7)
FN:36,(anonymous_8)
FN:47,(anonymous_9)
FN:56,(anonymous_10)
FN:62,(anonymous_11)
FN:70,(anonymous_12)
FN:79,(anonymous_13)
FN:93,(anonymous_14)
FN:104,(anonymous_15)
FN:120,(anonymous_16)
FN:144,(anonymous_17)
FN:175,(anonymous_18)
FN:179,(anonymous_19)
FN:183,(anonymous_20)
FN:197,(anonymous_21)
FN:205,(anonymous_22)
FN:211,(anonymous_23)
FN:219,(anonymous_24)
FN:225,(anonymous_25)
FN:231,(anonymous_26)
FN:237,(anonymous_27)
FN:243,(anonymous_28)
FN:249,(anonymous_29)
FN:255,(anonymous_30)
FN:261,(anonymous_31)
FN:267,(anonymous_32)
FN:273,(anonymous_33)
FN:279,(anonymous_34)
FN:288,(anonymous_35)
FN:294,(anonymous_36)
FN:300,(anonymous_37)
FN:306,(anonymous_38)
FN:312,(anonymous_39)
FNF:40
FNH:10
FNDA:1,(anonymous_0)
FNDA:0,(anonymous_1)
FNDA:3,(anonymous_2)
FNDA:57,(anonymous_3)
FNDA:0,(anonymous_4)
FNDA:0,(anonymous_5)
FNDA:0,(anonymous_6)
FNDA:0,(anonymous_7)
FNDA:0,(anonymous_8)
FNDA:0,(anonymous_9)
FNDA:1,(anonymous_10)
FNDA:0,(anonymous_11)
FNDA:0,(anonymous_12)
FNDA:0,(anonymous_13)
FNDA:0,(anonymous_14)
FNDA:1,(anonymous_15)
FNDA:0,(anonymous_16)
FNDA:0,(anonymous_17)
FNDA:1,(anonymous_18)
FNDA:1,(anonymous_19)
FNDA:3,(anonymous_20)
FNDA:1,(anonymous_21)
FNDA:0,(anonymous_22)
FNDA:0,(anonymous_23)
FNDA:0,(anonymous_24)
FNDA:0,(anonymous_25)
FNDA:0,(anonymous_26)
FNDA:0,(anonymous_27)
FNDA:1,(anonymous_28)
FNDA:0,(anonymous_29)
FNDA:0,(anonymous_30)
FNDA:0,(anonymous_31)
FNDA:0,(anonymous_32)
FNDA:0,(anonymous_33)
FNDA:0,(anonymous_34)
FNDA:0,(anonymous_35)
FNDA:0,(anonymous_36)
FNDA:0,(anonymous_37)
FNDA:0,(anonymous_38)
FNDA:0,(anonymous_39)
DA:10,1
DA:11,1
DA:12,3
DA:16,1
DA:21,57
DA:23,57
DA:31,1
DA:32,0
DA:33,0
DA:34,0
DA:35,0
DA:36,0
DA:40,1
DA:48,0
DA:57,1
DA:63,0
DA:65,0
DA:71,0
DA:72,0
DA:74,0
DA:80,0
DA:81,0
DA:83,0
DA:85,0
DA:86,0
DA:88,0
DA:94,0
DA:96,0
DA:97,0
DA:105,1
DA:107,1
DA:108,0
DA:113,1
DA:121,0
DA:122,0
DA:124,0
DA:125,0
DA:128,0
DA:129,0
DA:130,0
DA:132,0
DA:138,0
DA:144,1
DA:145,0
DA:147,0
DA:149,0
DA:150,0
DA:151,0
DA:152,0
DA:153,0
DA:154,0
DA:155,0
DA:156,0
DA:157,0
DA:158,0
DA:159,0
DA:160,0
DA:161,0
DA:162,0
DA:163,0
DA:164,0
DA:165,0
DA:167,0
DA:168,0
DA:170,0
DA:176,1
DA:180,1
DA:184,3
DA:186,3
DA:187,3
DA:189,3
DA:198,1
DA:205,0
DA:211,0
DA:219,0
DA:225,0
DA:231,0
DA:237,0
DA:243,1
DA:249,0
DA:255,0
DA:261,0
DA:267,0
DA:273,0
DA:279,0
DA:288,0
DA:294,0
DA:300,0
DA:306,0
DA:312,0
LF:90
LH:21
BRDA:21,0,0,0
BRDA:66,1,0,0
BRDA:66,1,1,0
BRDA:83,2,0,0
BRDA:83,2,1,0
BRDA:96,3,0,0
BRDA:96,3,1,0
BRDA:107,4,0,0
BRDA:107,4,1,1
BRDA:115,5,0,1
BRDA:115,5,1,0
BRDA:124,6,0,0
BRDA:124,6,1,0
BRDA:128,7,0,0
BRDA:128,7,1,0
BRDA:129,8,0,0
BRDA:129,8,1,0
BRDA:147,9,0,0
BRDA:147,9,1,0
BRDA:149,10,0,0
BRDA:149,10,1,0
BRDA:152,11,0,0
BRDA:152,11,1,0
BRDA:155,12,0,0
BRDA:155,12,1,0
BRDA:158,13,0,0
BRDA:158,13,1,0
BRDA:161,14,0,0
BRDA:161,14,1,0
BRDA:164,15,0,0
BRDA:164,15,1,0
BRDA:167,16,0,0
BRDA:167,16,1,0
BRDA:187,17,0,1
BRDA:187,17,1,2
BRDA:198,18,0,1
BRDA:198,18,1,0
BRF:37
BRH:5
end_of_record
TN:
SF:src/other/super-heros.js
FN:7,getFlyingSuperHeros
FN:8,(anonymous_1)
FNF:2
FNH:2
FNDA:1,getFlyingSuperHeros
FNDA:4,(anonymous_1)
DA:1,1
DA:8,1
DA:9,4
LF:3
LH:3
BRF:0
BRH:0
end_of_record
TN:
SF:src/shared/auto-scaling-text.js
FN:10,(anonymous_0)
FN:27,(anonymous_1)
FNF:2
FNH:2
FNDA:2,(anonymous_0)
FNDA:2,(anonymous_1)
DA:6,2
DA:9,2
DA:11,2
DA:12,2
DA:13,2
DA:15,0
DA:17,0
DA:18,0
DA:19,0
DA:21,0
DA:22,0
DA:24,0
DA:28,2
DA:30,2
LF:14
LH:7
BRDA:12,0,0,2
BRDA:12,0,1,0
BRDA:21,1,0,0
BRDA:21,1,1,0
BRF:4
BRH:1
end_of_record
TN:
SF:src/shared/calculator-display.js
FN:10,(anonymous_0)
FNF:1
FNH:1
FNDA:1,(anonymous_0)
DA:7,1
DA:11,1
DA:12,1
DA:17,1
LF:4
LH:4
BRDA:14,0,0,0
BRDA:14,0,1,1
BRF:2
BRH:1
end_of_record
TN:
SF:src/shared/utils.js
FN:1,getFormattedValue
FNF:1
FNH:1
FNDA:2,getFormattedValue
DA:2,2
DA:8,2
DA:10,2
DA:11,1
DA:13,2
LF:5
LH:5
BRDA:1,0,0,1
BRDA:10,1,0,1
BRDA:10,1,1,1
BRDA:11,2,0,0
BRDA:11,2,1,1
BRF:5
BRH:4
end_of_record
